-------------------------------------------------------------------------------
Test set: com.nopcommerce.demo.RunnerCukesTest
-------------------------------------------------------------------------------
Tests run: 24, Failures: 4, Errors: 2, Skipped: 2, Time elapsed: 56.408 sec <<< FAILURE! - in com.nopcommerce.demo.RunnerCukesTest
Then I should see the "Your Registration Completed" displayed in the register page(| John | Smith | 10 | April | 1990 | automation.test@yahoo.com | Automation Ltd | test123 | test123 | Your Registration Completed |)  Time elapsed: 0.02 sec  <<< FAILURE!
java.lang.AssertionError: The page does not contain Your Registration Completed
	at org.junit.Assert.fail(Assert.java:88)
	at org.junit.Assert.assertTrue(Assert.java:41)
	at com.nopcommerce.demo.step_definitions.NopRegisterTestSteps.i_should_see_the_displayed_in_the_register_page(NopRegisterTestSteps.java:37)
	at ✽.Then I should see the "Your Registration Completed" displayed in the register page(sprint_a1/NOPCommerce_001_Register Test.feature:10)

| John | Smith | 10 | April | 1990 | automation.test@yahoo.com | Automation Ltd | test123 | test123 | Your Registration Completed |  Time elapsed: 0.021 sec  <<< FAILURE!
java.lang.AssertionError: The page does not contain Your Registration Completed
	at org.junit.Assert.fail(Assert.java:88)
	at org.junit.Assert.assertTrue(Assert.java:41)
	at com.nopcommerce.demo.step_definitions.NopRegisterTestSteps.i_should_see_the_displayed_in_the_register_page(NopRegisterTestSteps.java:37)
	at ✽.Then I should see the "Your Registration Completed" displayed in the register page(sprint_a1/NOPCommerce_001_Register Test.feature:10)

Then I should see the following: "Beats Pill 2.0 Wireless Speaker" & "$15.00"(| Wireless Speaker | Beats Pill 2.0 Wireless Speaker | $15.00 |)  Time elapsed: 0.001 sec  <<< FAILURE!
java.lang.AssertionError: There is no such item: $15.00
	at org.junit.Assert.fail(Assert.java:88)
	at org.junit.Assert.assertTrue(Assert.java:41)
	at com.nopcommerce.demo.step_definitions.NopSearchItemTestSteps.iShouldSeeTheFollowing(NopSearchItemTestSteps.java:35)
	at ✽.Then I should see the following: "Beats Pill 2.0 Wireless Speaker" & "$15.00"(sprint_a1/NOPCommerce_003_Search For Item.feature:10)

| Wireless Speaker | Beats Pill 2.0 Wireless Speaker | $15.00 |  Time elapsed: 0.003 sec  <<< FAILURE!
java.lang.AssertionError: There is no such item: $15.00
	at org.junit.Assert.fail(Assert.java:88)
	at org.junit.Assert.assertTrue(Assert.java:41)
	at com.nopcommerce.demo.step_definitions.NopSearchItemTestSteps.iShouldSeeTheFollowing(NopSearchItemTestSteps.java:35)
	at ✽.Then I should see the following: "Beats Pill 2.0 Wireless Speaker" & "$15.00"(sprint_a1/NOPCommerce_003_Search For Item.feature:10)

Given I have searched for an item:(Scenario: Test for adding searched items to the shopping basket)  Time elapsed: 0.01 sec  <<< ERROR!
org.openqa.selenium.WebDriverException: unknown error: Element is not clickable at point (710, 993)
  (Session info: chrome=62.0.3202.94)
  (Driver info: chromedriver=2.24.417424 (c5c5ea873213ee72e3d0929b47482681555340c3),platform=Linux 4.4.0-103-generic x86_64) (WARNING: The server did not provide any stacktrace information)
Command duration or timeout: 246 milliseconds
Build info: version: '2.53.1', revision: 'a36b8b1cd5757287168e54b817830adce9b0158d', time: '2016-06-30 19:26:09'
System info: host: 'inettech-VirtualBox', ip: '127.0.1.1', os.name: 'Linux', os.arch: 'amd64', os.version: '4.4.0-103-generic', java.version: '1.8.0_111'
Driver info: org.openqa.selenium.chrome.ChromeDriver
Capabilities [{applicationCacheEnabled=false, rotatable=false, mobileEmulationEnabled=false, networkConnectionEnabled=false, chrome={chromedriverVersion=2.24.417424 (c5c5ea873213ee72e3d0929b47482681555340c3), userDataDir=/tmp/.org.chromium.Chromium.SV9QeF}, takesHeapSnapshot=true, pageLoadStrategy=normal, databaseEnabled=false, handlesAlerts=true, hasTouchScreen=false, version=62.0.3202.94, platform=LINUX, browserConnectionEnabled=false, nativeEvents=true, acceptSslCerts=true, locationContextEnabled=true, webStorageEnabled=true, browserName=chrome, takesScreenshot=true, javascriptEnabled=true, cssSelectorsEnabled=true}]
Session ID: 0e81d03d19c6eddbead616d8d6720206
	at sun.reflect.NativeConstructorAccessorImpl.newInstance0(Native Method)
	at sun.reflect.NativeConstructorAccessorImpl.newInstance(NativeConstructorAccessorImpl.java:62)
	at sun.reflect.DelegatingConstructorAccessorImpl.newInstance(DelegatingConstructorAccessorImpl.java:45)
	at java.lang.reflect.Constructor.newInstance(Constructor.java:423)
	at org.openqa.selenium.remote.ErrorHandler.createThrowable(ErrorHandler.java:206)
	at org.openqa.selenium.remote.ErrorHandler.throwIfResponseFailed(ErrorHandler.java:158)
	at org.openqa.selenium.remote.RemoteWebDriver.execute(RemoteWebDriver.java:678)
	at org.openqa.selenium.remote.RemoteWebElement.execute(RemoteWebElement.java:327)
	at org.openqa.selenium.remote.RemoteWebElement.click(RemoteWebElement.java:85)
	at sun.reflect.NativeMethodAccessorImpl.invoke0(Native Method)
	at sun.reflect.NativeMethodAccessorImpl.invoke(NativeMethodAccessorImpl.java:62)
	at sun.reflect.DelegatingMethodAccessorImpl.invoke(DelegatingMethodAccessorImpl.java:43)
	at java.lang.reflect.Method.invoke(Method.java:498)
	at org.openqa.selenium.support.pagefactory.internal.LocatingElementHandler.invoke(LocatingElementHandler.java:51)
	at com.sun.proxy.$Proxy16.click(Unknown Source)
	at com.nopcommerce.demo.pages.SearchedItemPage.goToFullItemPage(SearchedItemPage.java:27)
	at com.nopcommerce.demo.step_definitions.NopAddItemToBasketTestSteps.iHaveSearchedForAnItem(NopAddItemToBasketTestSteps.java:43)
	at ✽.Given I have searched for an item:(sprint_a1/NOPCommerce_004_Add Item To Basket.feature:9)

Scenario: Test for adding searched items to the shopping basket  Time elapsed: 0.015 sec  <<< ERROR!
org.openqa.selenium.WebDriverException: unknown error: Element is not clickable at point (710, 993)
  (Session info: chrome=62.0.3202.94)
  (Driver info: chromedriver=2.24.417424 (c5c5ea873213ee72e3d0929b47482681555340c3),platform=Linux 4.4.0-103-generic x86_64) (WARNING: The server did not provide any stacktrace information)
Command duration or timeout: 246 milliseconds
Build info: version: '2.53.1', revision: 'a36b8b1cd5757287168e54b817830adce9b0158d', time: '2016-06-30 19:26:09'
System info: host: 'inettech-VirtualBox', ip: '127.0.1.1', os.name: 'Linux', os.arch: 'amd64', os.version: '4.4.0-103-generic', java.version: '1.8.0_111'
Driver info: org.openqa.selenium.chrome.ChromeDriver
Capabilities [{applicationCacheEnabled=false, rotatable=false, mobileEmulationEnabled=false, networkConnectionEnabled=false, chrome={chromedriverVersion=2.24.417424 (c5c5ea873213ee72e3d0929b47482681555340c3), userDataDir=/tmp/.org.chromium.Chromium.SV9QeF}, takesHeapSnapshot=true, pageLoadStrategy=normal, databaseEnabled=false, handlesAlerts=true, hasTouchScreen=false, version=62.0.3202.94, platform=LINUX, browserConnectionEnabled=false, nativeEvents=true, acceptSslCerts=true, locationContextEnabled=true, webStorageEnabled=true, browserName=chrome, takesScreenshot=true, javascriptEnabled=true, cssSelectorsEnabled=true}]
Session ID: 0e81d03d19c6eddbead616d8d6720206
	at sun.reflect.NativeConstructorAccessorImpl.newInstance0(Native Method)
	at sun.reflect.NativeConstructorAccessorImpl.newInstance(NativeConstructorAccessorImpl.java:62)
	at sun.reflect.DelegatingConstructorAccessorImpl.newInstance(DelegatingConstructorAccessorImpl.java:45)
	at java.lang.reflect.Constructor.newInstance(Constructor.java:423)
	at org.openqa.selenium.remote.ErrorHandler.createThrowable(ErrorHandler.java:206)
	at org.openqa.selenium.remote.ErrorHandler.throwIfResponseFailed(ErrorHandler.java:158)
	at org.openqa.selenium.remote.RemoteWebDriver.execute(RemoteWebDriver.java:678)
	at org.openqa.selenium.remote.RemoteWebElement.execute(RemoteWebElement.java:327)
	at org.openqa.selenium.remote.RemoteWebElement.click(RemoteWebElement.java:85)
	at sun.reflect.NativeMethodAccessorImpl.invoke0(Native Method)
	at sun.reflect.NativeMethodAccessorImpl.invoke(NativeMethodAccessorImpl.java:62)
	at sun.reflect.DelegatingMethodAccessorImpl.invoke(DelegatingMethodAccessorImpl.java:43)
	at java.lang.reflect.Method.invoke(Method.java:498)
	at org.openqa.selenium.support.pagefactory.internal.LocatingElementHandler.invoke(LocatingElementHandler.java:51)
	at com.sun.proxy.$Proxy16.click(Unknown Source)
	at com.nopcommerce.demo.pages.SearchedItemPage.goToFullItemPage(SearchedItemPage.java:27)
	at com.nopcommerce.demo.step_definitions.NopAddItemToBasketTestSteps.iHaveSearchedForAnItem(NopAddItemToBasketTestSteps.java:43)
	at ✽.Given I have searched for an item:(sprint_a1/NOPCommerce_004_Add Item To Basket.feature:9)

