<?xml version="1.0" encoding="UTF-8"?><testsuite failures="3" name="cucumber.runtime.formatter.JUnitFormatter" skipped="0" tests="6" time="50.819751">
<testcase classname="Test for account register functionality" name="Testing account registration functionality with user details" time="25.967278">
<failure message="java.lang.AssertionError: The page does not contain Your Registration Completed&#10;&#9;at org.junit.Assert.fail(Assert.java:88)&#10;&#9;at org.junit.Assert.assertTrue(Assert.java:41)&#10;&#9;at com.nopcommerce.demo.step_definitions.NopRegisterTestSteps.i_should_see_the_displayed_in_the_register_page(NopRegisterTestSteps.java:37)&#10;&#9;at ✽.Then I should see the &quot;Your Registration Completed&quot; displayed in the register page(sprint_a1/NOPCommerce_001_Register Test.feature:10)&#10;"><![CDATA[Given I am on the home page of the application..............................passed
When I register with the following personal details: "John", "Smith", "10", "April", "1990","automation.test@yahoo.com", "Automation Ltd", "test123", & "test123".passed
Then I should see the "Your Registration Completed" displayed in the register page.failed

StackTrace:
java.lang.AssertionError: The page does not contain Your Registration Completed
	at org.junit.Assert.fail(Assert.java:88)
	at org.junit.Assert.assertTrue(Assert.java:41)
	at com.nopcommerce.demo.step_definitions.NopRegisterTestSteps.i_should_see_the_displayed_in_the_register_page(NopRegisterTestSteps.java:37)
	at ✽.Then I should see the "Your Registration Completed" displayed in the register page(sprint_a1/NOPCommerce_001_Register Test.feature:10)
]]></failure>
</testcase>
<testcase classname="Testing login functionality" name="Testing login functionality using valid credentials" time="6.365463">
<system-out><![CDATA[Given I am on the home page of the application..............................passed
When I logon with valid username "automation.test@yahoo.com" and valid password "test123".passed
Then I should see my email address "My account" displayed...................passed
]]></system-out>
</testcase>
<testcase classname="Test to Search for product functionality" name="Searching for an item functionality" time="4.936902">
<system-out><![CDATA[Given I am on the home page of the application..............................passed
When I search for an "Apple MacBook"........................................passed
Then I should see the following: "Apple MacBook Pro 13-inch" & "$1,800.00"..passed
]]></system-out>
</testcase>
<testcase classname="Test to Search for product functionality" name="Searching for an item functionality 2" time="3.269098">
<system-out><![CDATA[Given I am on the home page of the application..............................passed
When I search for an "Nokia"................................................passed
Then I should see the following: "Nokia Lumia 1020" & "$349.00".............passed
]]></system-out>
</testcase>
<testcase classname="Test to Search for product functionality" name="Searching for an item functionality 3" time="5.265128">
<failure message="java.lang.AssertionError: There is no such item: $15.00&#10;&#9;at org.junit.Assert.fail(Assert.java:88)&#10;&#9;at org.junit.Assert.assertTrue(Assert.java:41)&#10;&#9;at com.nopcommerce.demo.step_definitions.NopSearchItemTestSteps.iShouldSeeTheFollowing(NopSearchItemTestSteps.java:35)&#10;&#9;at ✽.Then I should see the following: &quot;Beats Pill 2.0 Wireless Speaker&quot; &amp; &quot;$15.00&quot;(sprint_a1/NOPCommerce_003_Search For Item.feature:10)&#10;"><![CDATA[Given I am on the home page of the application..............................passed
When I search for an "Wireless Speaker".....................................passed
Then I should see the following: "Beats Pill 2.0 Wireless Speaker" & "$15.00".failed

StackTrace:
java.lang.AssertionError: There is no such item: $15.00
	at org.junit.Assert.fail(Assert.java:88)
	at org.junit.Assert.assertTrue(Assert.java:41)
	at com.nopcommerce.demo.step_definitions.NopSearchItemTestSteps.iShouldSeeTheFollowing(NopSearchItemTestSteps.java:35)
	at ✽.Then I should see the following: "Beats Pill 2.0 Wireless Speaker" & "$15.00"(sprint_a1/NOPCommerce_003_Search For Item.feature:10)
]]></failure>
</testcase>
<testcase classname="Adding Items to shopping basket functionality" name="Test for adding searched items to the shopping basket" time="5.015882">
<failure message="org.openqa.selenium.WebDriverException: unknown error: Element is not clickable at point (710, 993)&#10;  (Session info: chrome=62.0.3202.94)&#10;  (Driver info: chromedriver=2.24.417424 (c5c5ea873213ee72e3d0929b47482681555340c3),platform=Linux 4.4.0-103-generic x86_64) (WARNING: The server did not provide any stacktrace information)&#10;Command duration or timeout: 246 milliseconds&#10;Build info: version: '2.53.1', revision: 'a36b8b1cd5757287168e54b817830adce9b0158d', time: '2016-06-30 19:26:09'&#10;System info: host: 'inettech-VirtualBox', ip: '127.0.1.1', os.name: 'Linux', os.arch: 'amd64', os.version: '4.4.0-103-generic', java.version: '1.8.0_111'&#10;Driver info: org.openqa.selenium.chrome.ChromeDriver&#10;Capabilities [{applicationCacheEnabled=false, rotatable=false, mobileEmulationEnabled=false, networkConnectionEnabled=false, chrome={chromedriverVersion=2.24.417424 (c5c5ea873213ee72e3d0929b47482681555340c3), userDataDir=/tmp/.org.chromium.Chromium.SV9QeF}, takesHeapSnapshot=true, pageLoadStrategy=normal, databaseEnabled=false, handlesAlerts=true, hasTouchScreen=false, version=62.0.3202.94, platform=LINUX, browserConnectionEnabled=false, nativeEvents=true, acceptSslCerts=true, locationContextEnabled=true, webStorageEnabled=true, browserName=chrome, takesScreenshot=true, javascriptEnabled=true, cssSelectorsEnabled=true}]&#10;Session ID: 0e81d03d19c6eddbead616d8d6720206&#10;&#9;at sun.reflect.NativeConstructorAccessorImpl.newInstance0(Native Method)&#10;&#9;at sun.reflect.NativeConstructorAccessorImpl.newInstance(NativeConstructorAccessorImpl.java:62)&#10;&#9;at sun.reflect.DelegatingConstructorAccessorImpl.newInstance(DelegatingConstructorAccessorImpl.java:45)&#10;&#9;at java.lang.reflect.Constructor.newInstance(Constructor.java:423)&#10;&#9;at org.openqa.selenium.remote.ErrorHandler.createThrowable(ErrorHandler.java:206)&#10;&#9;at org.openqa.selenium.remote.ErrorHandler.throwIfResponseFailed(ErrorHandler.java:158)&#10;&#9;at org.openqa.selenium.remote.RemoteWebDriver.execute(RemoteWebDriver.java:678)&#10;&#9;at org.openqa.selenium.remote.RemoteWebElement.execute(RemoteWebElement.java:327)&#10;&#9;at org.openqa.selenium.remote.RemoteWebElement.click(RemoteWebElement.java:85)&#10;&#9;at sun.reflect.NativeMethodAccessorImpl.invoke0(Native Method)&#10;&#9;at sun.reflect.NativeMethodAccessorImpl.invoke(NativeMethodAccessorImpl.java:62)&#10;&#9;at sun.reflect.DelegatingMethodAccessorImpl.invoke(DelegatingMethodAccessorImpl.java:43)&#10;&#9;at java.lang.reflect.Method.invoke(Method.java:498)&#10;&#9;at org.openqa.selenium.support.pagefactory.internal.LocatingElementHandler.invoke(LocatingElementHandler.java:51)&#10;&#9;at com.sun.proxy.$Proxy16.click(Unknown Source)&#10;&#9;at com.nopcommerce.demo.pages.SearchedItemPage.goToFullItemPage(SearchedItemPage.java:27)&#10;&#9;at com.nopcommerce.demo.step_definitions.NopAddItemToBasketTestSteps.iHaveSearchedForAnItem(NopAddItemToBasketTestSteps.java:43)&#10;&#9;at ✽.Given I have searched for an item:(sprint_a1/NOPCommerce_004_Add Item To Basket.feature:9)&#10;"><![CDATA[Given I have searched for an item:..........................................failed
When I add an "Apple MacBook Pro 13-inch" item to the shopping basket.......skipped
Then I should see "Apple MacBook Pro 13-inch" message displays..............skipped

StackTrace:
org.openqa.selenium.WebDriverException: unknown error: Element is not clickable at point (710, 993)
  (Session info: chrome=62.0.3202.94)
  (Driver info: chromedriver=2.24.417424 (c5c5ea873213ee72e3d0929b47482681555340c3),platform=Linux 4.4.0-103-generic x86_64) (WARNING: The server did not provide any stacktrace information)
Command duration or timeout: 246 milliseconds
Build info: version: '2.53.1', revision: 'a36b8b1cd5757287168e54b817830adce9b0158d', time: '2016-06-30 19:26:09'
System info: host: 'inettech-VirtualBox', ip: '127.0.1.1', os.name: 'Linux', os.arch: 'amd64', os.version: '4.4.0-103-generic', java.version: '1.8.0_111'
Driver info: org.openqa.selenium.chrome.ChromeDriver
Capabilities [{applicationCacheEnabled=false, rotatable=false, mobileEmulationEnabled=false, networkConnectionEnabled=false, chrome={chromedriverVersion=2.24.417424 (c5c5ea873213ee72e3d0929b47482681555340c3), userDataDir=/tmp/.org.chromium.Chromium.SV9QeF}, takesHeapSnapshot=true, pageLoadStrategy=normal, databaseEnabled=false, handlesAlerts=true, hasTouchScreen=false, version=62.0.3202.94, platform=LINUX, browserConnectionEnabled=false, nativeEvents=true, acceptSslCerts=true, locationContextEnabled=true, webStorageEnabled=true, browserName=chrome, takesScreenshot=true, javascriptEnabled=true, cssSelectorsEnabled=true}]
Session ID: 0e81d03d19c6eddbead616d8d6720206
	at sun.reflect.NativeConstructorAccessorImpl.newInstance0(Native Method)
	at sun.reflect.NativeConstructorAccessorImpl.newInstance(NativeConstructorAccessorImpl.java:62)
	at sun.reflect.DelegatingConstructorAccessorImpl.newInstance(DelegatingConstructorAccessorImpl.java:45)
	at java.lang.reflect.Constructor.newInstance(Constructor.java:423)
	at org.openqa.selenium.remote.ErrorHandler.createThrowable(ErrorHandler.java:206)
	at org.openqa.selenium.remote.ErrorHandler.throwIfResponseFailed(ErrorHandler.java:158)
	at org.openqa.selenium.remote.RemoteWebDriver.execute(RemoteWebDriver.java:678)
	at org.openqa.selenium.remote.RemoteWebElement.execute(RemoteWebElement.java:327)
	at org.openqa.selenium.remote.RemoteWebElement.click(RemoteWebElement.java:85)
	at sun.reflect.NativeMethodAccessorImpl.invoke0(Native Method)
	at sun.reflect.NativeMethodAccessorImpl.invoke(NativeMethodAccessorImpl.java:62)
	at sun.reflect.DelegatingMethodAccessorImpl.invoke(DelegatingMethodAccessorImpl.java:43)
	at java.lang.reflect.Method.invoke(Method.java:498)
	at org.openqa.selenium.support.pagefactory.internal.LocatingElementHandler.invoke(LocatingElementHandler.java:51)
	at com.sun.proxy.$Proxy16.click(Unknown Source)
	at com.nopcommerce.demo.pages.SearchedItemPage.goToFullItemPage(SearchedItemPage.java:27)
	at com.nopcommerce.demo.step_definitions.NopAddItemToBasketTestSteps.iHaveSearchedForAnItem(NopAddItemToBasketTestSteps.java:43)
	at ✽.Given I have searched for an item:(sprint_a1/NOPCommerce_004_Add Item To Basket.feature:9)
]]></failure>
</testcase>
</testsuite>
